This is pdfTeX, Version 3.14159265-2.6-1.40.20 (TeX Live 2019/Debian) (preloaded format=pdflatex 2022.4.22)  22 APR 2022 18:31
entering extended mode
 restricted \write18 enabled.
 %&-line parsing enabled.
**refman
(./refman.tex
LaTeX2e <2020-02-02> patch level 2
L3 programming layer <2020-02-14>
(/usr/share/texlive/texmf-dist/tex/latex/base/book.cls
Document Class: book 2019/12/20 v1.4l Standard LaTeX document class
(/usr/share/texlive/texmf-dist/tex/latex/base/bk10.clo
File: bk10.clo 2019/12/20 v1.4l Standard LaTeX file (size option)
)
\c@part=\count167
\c@chapter=\count168
\c@section=\count169
\c@subsection=\count170
\c@subsubsection=\count171
\c@paragraph=\count172
\c@subparagraph=\count173
\c@figure=\count174
\c@table=\count175
\abovecaptionskip=\skip47
\belowcaptionskip=\skip48
\bibindent=\dimen134
)
(/usr/share/texlive/texmf-dist/tex/latex/base/ifthen.sty
Package: ifthen 2014/09/29 v1.1c Standard LaTeX ifthen package (DPC)
)
(/usr/share/texlive/texmf-dist/tex/latex/tools/array.sty
Rollback for package 'array' requested -> date 2016-10-06.
         Best approximation is the release introduced on 2016-10-06.

(/usr/share/texlive/texmf-dist/tex/latex/tools/array-2016-10-06.sty
Package: array 2016/10/06 v2.4d Tabular extension package (FMi)
\col@sep=\dimen135
\extrarowheight=\dimen136
\NC@list=\toks14
\extratabsurround=\skip49
\backup@length=\skip50
))
(/usr/share/texlive/texmf-dist/tex/latex/base/fixltx2e.sty
Package: fixltx2e 2016/12/29 v2.1a fixes to LaTeX (obsolete)
Applying: [2015/01/01] Old fixltx2e package on input line 46.


Package fixltx2e Warning: fixltx2e is not required with releases after 2015
(fixltx2e)                All fixes are now in the LaTeX kernel.
(fixltx2e)                See the latexrelease package for details.

Already applied: [0000/00/00] Old fixltx2e package on input line 53.
) (/usr/share/texlive/texmf-dist/tex/latex/tools/calc.sty
Package: calc 2017/05/25 v4.3 Infix arithmetic (KKT,FJ)
\calc@Acount=\count176
\calc@Bcount=\count177
\calc@Adimen=\dimen137
\calc@Bdimen=\dimen138
\calc@Askip=\skip51
\calc@Bskip=\skip52
LaTeX Info: Redefining \setlength on input line 80.
LaTeX Info: Redefining \addtolength on input line 81.
\calc@Ccount=\count178
\calc@Cskip=\skip53
) (./doxygen.sty
Package: doxygen 

(/usr/share/texlive/texmf-dist/tex/latex/base/alltt.sty
Package: alltt 1997/06/16 v2.0g defines alltt environment
)

! LaTeX Error: File `float.sty' not found.

Type X to quit or <RETURN> to proceed,
or enter new name. (Default extension: sty)

Enter file name: 
(/usr/share/texlive/texmf-dist/tex/latex/tools/verbatim.sty
Package: verbatim 2019/11/10 v1.5r LaTeX2e package for verbatim enhancements
\every@verbatim=\toks15
\verbatim@line=\toks16
\verbatim@in@stream=\read2
)

! LaTeX Error: File `xcolor.sty' not found.

Type X to quit or <RETURN> to proceed,
or enter new name. (Default extension: sty)

Enter file name: 

! LaTeX Error: Unknown option `table' for package `xcolor'.

See the LaTeX manual or LaTeX Companion for explanation.
Type  H <return>  for immediate help.
 ...                                              
                                                  
l.12 \RequirePackage
                    {longtable_doxygen}
? 
(./longtable_doxygen.sty
Package: longtable_doxygen 2014/10/28 v4.11 Multi-page Table package (DPC) - fr
ozen version for doxygen
\LTleft=\skip54
\LTright=\skip55
\LTpre=\skip56
\LTpost=\skip57
\LTchunksize=\count179
\LTcapwidth=\dimen139
\LT@head=\box45
\LT@firsthead=\box46
\LT@foot=\box47
\LT@lastfoot=\box48
\LT@cols=\count180
\LT@rows=\count181
\c@LT@tables=\count182
\c@LT@chunks=\count183
\LT@p@ftn=\toks17
) (./tabu_doxygen.sty
Package: tabu_doxygen 2011/02/26 v2.8 - flexible LaTeX tabulars (FC), frozen ve
rsion for doxygen


! LaTeX Error: File `varwidth.sty' not found.

Type X to quit or <RETURN> to proceed,
or enter new name. (Default extension: sty)

Enter file name: 

LaTeX Warning: You have requested, on input line 69, version
               `2009/03/30' of package varwidth,
               but only version
               `'
               is available.

\c@taburow=\count184
\tabu@nbcols=\count185
\tabu@cnt=\count186
\tabu@Xcol=\count187
\tabu@alloc=\count188
\tabu@nested=\count189
\tabu@target=\dimen140
\tabu@spreadtarget=\dimen141
\tabu@naturalX=\dimen142
\tabucolX=\dimen143
\tabu@Xsum=\dimen144
\extrarowdepth=\dimen145
\abovetabulinesep=\dimen146
\belowtabulinesep=\dimen147
\tabustrutrule=\dimen148
\tabu@thebody=\toks18
\tabu@footnotes=\toks19
\tabu@box=\box49
\tabu@arstrutbox=\box50
\tabu@hleads=\box51
\tabu@vleads=\box52
\tabu@cellskip=\skip58
)

! LaTeX Error: File `fancyvrb.sty' not found.

Type X to quit or <RETURN> to proceed,
or enter new name. (Default extension: sty)

Enter file name: 
(/usr/share/texlive/texmf-dist/tex/latex/tools/tabularx.sty
Package: tabularx 2020/01/15 v2.11c `tabularx' package (DPC)
\TX@col@width=\dimen149
\TX@old@table=\dimen150
\TX@old@col=\dimen151
\TX@target=\dimen152
\TX@delta=\dimen153
\TX@cols=\count190
\TX@ftn=\toks20
)

! LaTeX Error: File `multirow.sty' not found.

Type X to quit or <RETURN> to proceed,
or enter new name. (Default extension: sty)

Enter file name: 

! LaTeX Error: File `hanging.sty' not found.

Type X to quit or <RETURN> to proceed,
or enter new name. (Default extension: sty)

Enter file name: 
(/usr/share/texlive/texmf-dist/tex/generic/iftex/ifpdf.sty
Package: ifpdf 2019/10/25 v3.4 ifpdf legacy package. Use iftex instead.

(/usr/share/texlive/texmf-dist/tex/generic/iftex/iftex.sty
Package: iftex 2019/11/07 v1.0c TeX engine tests
))

! LaTeX Error: File `adjustbox.sty' not found.

Type X to quit or <RETURN> to proceed,
or enter new name. (Default extension: sty)

Enter file name: 
(/usr/share/texlive/texmf-dist/tex/latex/amsfonts/amssymb.sty
Package: amssymb 2013/01/14 v3.01 AMS font symbols

(/usr/share/texlive/texmf-dist/tex/latex/amsfonts/amsfonts.sty
Package: amsfonts 2013/01/14 v3.01 Basic AMSFonts support
\@emptytoks=\toks21
\symAMSa=\mathgroup4
\symAMSb=\mathgroup5
LaTeX Font Info:    Redeclaring math symbol \hbar on input line 98.
LaTeX Font Info:    Overwriting math alphabet `\mathfrak' in version `bold'
(Font)                  U/euf/m/n --> U/euf/b/n on input line 106.
))

! LaTeX Error: File `stackengine.sty' not found.

Type X to quit or <RETURN> to proceed,
or enter new name. (Default extension: sty)

Enter file name: 

! LaTeX Error: File `ulem.sty' not found.

Type X to quit or <RETURN> to proceed,
or enter new name. (Default extension: sty)

Enter file name: 

! LaTeX Error: Unknown option `normalem' for package `ulem'.

See the LaTeX manual or LaTeX Companion for explanation.
Type  H <return>  for immediate help.
 ...                                              
                                                  
l.23 
     
? 
\xrefbox=\box53
\xreflength=\skip59
\CodeWidthChar=\skip60
\CodeHeightChar=\skip61
\DoxyCodeWidth=\skip62
! Undefined control sequence.
l.529 \definecolor
                  {comment}{rgb}{0.5,0.0,0.0}
? 
! Interruption.
<to be read again> 
                   {
l.529 \definecolor{
                   comment}{rgb}{0.5,0.0,0.0}
? 

! LaTeX Error: Missing \begin{document}.

See the LaTeX manual or LaTeX Companion for explanation.
Type  H <return>  for immediate help.
 ...                                              
                                                  
l.529 \definecolor{c
                    omment}{rgb}{0.5,0.0,0.0}
? 
! Undefined control sequence.
l.530 \definecolor
                  {keyword}{rgb}{0.0,0.5,0.0}
? 
! Undefined control sequence.
l.531 \definecolor
                  {keywordtype}{rgb}{0.38,0.25,0.125}
? 
! Undefined control sequence.
l.532 \definecolor
                  {keywordflow}{rgb}{0.88,0.5,0.0}
? 
! Undefined control sequence.
l.533 \definecolor
                  {preprocessor}{rgb}{0.5,0.38,0.125}
? 
! Undefined control sequence.
l.534 \definecolor
                  {stringliteral}{rgb}{0.0,0.125,0.25}
? 
! Undefined control sequence.
l.535 \definecolor
                  {charliteral}{rgb}{0.0,0.5,0.5}
? 
! Undefined control sequence.
l.536 \definecolor
                  {vhdldigit}{rgb}{1.0,0.0,1.0}
? 
! Undefined control sequence.
l.537 \definecolor
                  {vhdlkeyword}{rgb}{0.43,0.0,0.43}
? 
! Undefined control sequence.
l.538 \definecolor
                  {vhdllogic}{rgb}{1.0,0.0,0.0}
? 
! Undefined control sequence.
l.539 \definecolor
                  {vhdlchar}{rgb}{0.0,0.0,0.0}
? 

Overfull \hbox (0.69528pt too wide) in paragraph at lines 529--540
[]\OT1/cmr/m/n/10 commentrgb0.5,0.0,0.0 key-wor-drgb0.0,0.5,0.0 key-word-type-r
gb0.38,0.25,0.125
 []


Overfull \hbox (28.19534pt too wide) in paragraph at lines 529--540
\OT1/cmr/m/n/10 key-word-flowrgb0.88,0.5,0.0 pre-pro-ces-sor-rgb0.5,0.38,0.125 
stringlit-er-al-rgb0.0,0.125,0.25
 []


Overfull \hbox (7.94537pt too wide) in paragraph at lines 529--540
\OT1/cmr/m/n/10 char-lit-er-al-rgb0.0,0.5,0.5 vhdldig-itrgb1.0,0.0,1.0 vhdlkey-
wor-drgb0.43,0.0,0.43 vhdl-
 []

! Interruption.
l.-2136093686 
              
? 
! Interruption.
<to be read again> 
                   \par 
l.-2119218344 
              
? X
 
Here is how much of TeX's memory you used:
 1985 strings out of 483183
 24833 string characters out of 5966292
 252155 words of memory out of 5000000
 17038 multiletter control sequences out of 15000+600000
 532338 words of font info for 24 fonts, out of 8000000 for 9000
 14 hyphenation exceptions out of 8191
 35i,0n,35p,194b,37s stack positions out of 5000i,500n,10000p,200000b,80000s
No pages of output.
PDF statistics:
 0 PDF objects out of 1000 (max. 8388607)
 0 named destinations out of 1000 (max. 500000)
 1 words of extra memory for PDF output out of 10000 (max. 10000000)

